<?xml version="1.0" encoding="UTF-8"?>
<!-- Generated by org.testng.reporters.JUnitXMLReporter -->
<testsuite ignored="0" hostname="Dhineshkumar" failures="1" tests="1" name="TestChrome" time="1.979" errors="0" timestamp="2024-12-10T12:22:10 IST">
  <testcase classname="flipkartselenium.CrossBrowserTesting" name="cross" time="1.929">
    <failure type="java.lang.NullPointerException" message="Cannot invoke &amp;quot;org.openqa.selenium.WebDriver.get(String)&amp;quot; because &amp;quot;this.driver&amp;quot; is null">
      <![CDATA[java.lang.NullPointerException: Cannot invoke "org.openqa.selenium.WebDriver.get(String)" because "this.driver" is null
at flipkartselenium.CrossBrowserTesting.cross(CrossBrowserTesting.java:37)
at java.base/java.util.ArrayList.forEach(ArrayList.java:1511)
... Removed 25 stack frames]]>
    </failure>
  </testcase> <!-- cross -->
</testsuite> <!-- TestChrome -->
