<?xml version="1.0" encoding="UTF-8"?>
<testng-results ignored="0" total="1" passed="1" failed="0" skipped="0">
  <reporter-output>
  </reporter-output>
  <suite started-at="2024-12-16T13:42:02 IST" name="Default suite" finished-at="2024-12-16T13:42:05 IST" duration-ms="2815">
    <groups>
    </groups>
    <test started-at="2024-12-16T13:42:02 IST" name="Default test" finished-at="2024-12-16T13:42:05 IST" duration-ms="2815">
      <class name="flipkartselenium.RobotClass">
        <test-method signature="data()[pri:0, instance:flipkartselenium.RobotClass@3590fc5b]" started-at="2024-12-16T13:42:02 IST" name="data" finished-at="2024-12-16T13:42:05 IST" duration-ms="2767" status="PASS">
          <reporter-output>
          </reporter-output>
        </test-method> <!-- data -->
      </class> <!-- flipkartselenium.RobotClass -->
    </test> <!-- Default test -->
  </suite> <!-- Default suite -->
</testng-results>
